<?xml version="1.0" encoding="UTF-8"?>
<!-- Generated by org.testng.reporters.JUnitXMLReporter -->
<testsuite ignored="0" hostname="L110339" failures="1" tests="1" name="BuySharesTestFramework" time="5.293" errors="0" timestamp="2022-01-11T19:40:52 CET">
  <testcase classname="RefreshTest" name="verifyProvidersURLNotBroken" time="0.166">
    <failure type="java.lang.NullPointerException" message="Cannot invoke &amp;quot;com.aventstack.extentreports.ExtentTest.info(String)&amp;quot; because the return value of &amp;quot;ExtentReporters.ExtentFactory.getTest()&amp;quot; is null">
      <![CDATA[java.lang.NullPointerException: Cannot invoke "com.aventstack.extentreports.ExtentTest.info(String)" because the return value of "ExtentReporters.ExtentFactory.getTest()" is null
at RefreshTest.verifyProvidersURLNotBroken(RefreshTest.java:52)
at java.base/java.util.ArrayList.forEach(ArrayList.java:1511)
at com.intellij.rt.testng.IDEARemoteTestNG.run(IDEARemoteTestNG.java:66)
at com.intellij.rt.testng.RemoteTestNGStarter.main(RemoteTestNGStarter.java:109)
... Removed 24 stack frames]]>
    </failure>
  </testcase> <!-- verifyProvidersURLNotBroken -->
</testsuite> <!-- BuySharesTestFramework -->
